<?xml version="1.0" encoding="UTF-8"?>
<!-- Generated by org.testng.reporters.JUnitXMLReporter -->
<testsuite ignored="0" hostname="PC" failures="0" tests="2" name="Test1" time="180.059" errors="0" timestamp="2024-09-14T14:08:13 IST">
  <testcase classname="DB_Connection.SeleniumGrid_Test" name="m1" time="0.001">
    <skipped/>
  </testcase> <!-- m1 -->
  <testcase classname="DB_Connection.SeleniumGrid_Test" name="m2" time="0.0">
    <skipped/>
  </testcase> <!-- m2 -->
</testsuite> <!-- Test1 -->
