<?xml version="1.0" encoding="UTF-8"?>
<!-- Generated by org.testng.reporters.JUnitXMLReporter -->
<testsuite ignored="0" hostname="PC" failures="0" tests="4" name="BeforeSuite" time="0.109" errors="0" timestamp="2024-07-03T14:30:34 IST">
  <testcase classname="BeforeSuite.Tst" name="ts" time="0.017"/>
  <testcase classname="BeforeSuite.Tst" name="tt" time="0.004"/>
  <testcase classname="BeforeSuite.tst1" name="ttq" time="0.002"/>
  <testcase classname="BeforeSuite.tst1" name="ttr" time="0.003"/>
</testsuite> <!-- BeforeSuite -->
