<?xml version="1.0" encoding="UTF-8"?>
<!-- Generated by org.testng.reporters.JUnitXMLReporter -->
<testsuite ignored="0" hostname="PC" failures="0" tests="7" name="BeforeSuite1" time="0.279" errors="0" timestamp="2024-07-03T14:30:34 IST">
  <testcase classname="BeforeSuite1.Tst3" name="rt" time="0.003"/>
  <testcase classname="BeforeSuite1.Tst3" name="tw" time="0.015"/>
  <testcase classname="BeforeSuite1.Tst3" name="twr" time="0.048"/>
  <testcase classname="BeforeSuite1.tst4" name="trq" time="0.015"/>
  <testcase classname="BeforeSuite1.tst5" name="frw" time="0.007"/>
  <testcase classname="BeforeSuite1.tst5" name="qww" time="0.011"/>
  <testcase classname="BeforeSuite1.tst5" name="trd" time="0.003"/>
</testsuite> <!-- BeforeSuite1 -->
