<?xml version="1.0" encoding="UTF-8"?>
<testng-results ignored="0" total="2" passed="2" failed="0" skipped="0">
  <reporter-output>
  </reporter-output>
  <suite started-at="2024-09-01T20:05:45 IST" name="Default suite" finished-at="2024-09-01T20:05:59 IST" duration-ms="13952">
    <groups>
    </groups>
    <test started-at="2024-09-01T20:05:45 IST" name="Default test" finished-at="2024-09-01T20:05:59 IST" duration-ms="13952">
      <class name="Practice">
        <test-method is-config="true" signature="browserl()[pri:0, instance:Practice@7b324585]" started-at="2024-09-01T20:05:45 IST" name="browserl" finished-at="2024-09-01T20:05:50 IST" duration-ms="5155" status="PASS">
          <reporter-output>
          </reporter-output>
        </test-method> <!-- browserl -->
        <test-method signature="tessCase(java.lang.String,java.lang.String)[pri:0, instance:Practice@7b324585]" started-at="2024-09-01T20:05:50 IST" name="tessCase" data-provider="DataPro" finished-at="2024-09-01T20:05:51 IST" duration-ms="635" status="PASS">
          <params>
            <param index="0">
              <value>
                <![CDATA[Java]]>
              </value>
            </param>
            <param index="1">
              <value>
                <![CDATA[Excel]]>
              </value>
            </param>
          </params>
          <reporter-output>
          </reporter-output>
        </test-method> <!-- tessCase -->
        <test-method is-config="true" signature="browserl()[pri:0, instance:Practice@7b324585]" started-at="2024-09-01T20:05:51 IST" name="browserl" finished-at="2024-09-01T20:05:56 IST" duration-ms="5198" status="PASS">
          <reporter-output>
          </reporter-output>
        </test-method> <!-- browserl -->
        <test-method signature="tessCase(java.lang.String,java.lang.String)[pri:0, instance:Practice@7b324585]" started-at="2024-09-01T20:05:56 IST" name="tessCase" data-provider="DataPro" finished-at="2024-09-01T20:05:59 IST" duration-ms="2852" status="PASS">
          <params>
            <param index="0">
              <value>
                <![CDATA[Python]]>
              </value>
            </param>
            <param index="1">
              <value>
                <![CDATA[Automation]]>
              </value>
            </param>
          </params>
          <reporter-output>
          </reporter-output>
        </test-method> <!-- tessCase -->
      </class> <!-- Practice -->
    </test> <!-- Default test -->
  </suite> <!-- Default suite -->
</testng-results>
